
ROM used:   1483/8192 (18%)
            1483/8192 (18%) including unused fragments

            1.2 Average locations per line
            9.4 Average locations per statement

RAM used:   26/368 (7%) at main() level
            48/368 (13%) worst case

Stack used: 1 worst case (1 in main + 0 for interrupts)
Stack size: 8

Lines Stmts  %   Files
----- ----- ---  -----
   69    32  20  ultrasonico.c
  672     0   0  ..\..\..\..\..\..\..\..\Program Files (x86)\PICC\Devices\16f877a.h
   37     0   0  ..\..\..\..\..\..\..\..\Program Files (x86)\PICC\Drivers\stdio.h
  423   125  80  ..\..\..\..\..\..\..\..\Program Files (x86)\PICC\Drivers\string.h
   32     0   0  ..\..\..\..\..\..\..\..\Program Files (x86)\PICC\Drivers\stddef.h
   28     0   0  ..\..\..\..\..\..\..\..\Program Files (x86)\PICC\Drivers\ctype.h
----- -----
 1261   157 Total

Page ROM  %  RAM    Vol Diff  Functions:
---- --- --- ---    --- ----  ----------
0     23   2    1             @delay_ms1
0    305  21    4    866  8.4  MAIN
0     31   2    2             @ITOF
0    204  14   14             @DIVFF
0    117   8   13             @MULFF
0     63   4   10             @FLT
0    323  22   16             @ADDFF
 Inline         5             @FTOSD
0     79   5   13             @DIV3232
0    230  16   13             @PRINTF_L32D_9600_62_63FPFPF
0      8   1    0             @const751
0     88   6    4             @PSTRINGC7_9600_62_63
0      8   1    0             @const753
 Inline         0             @cinit1

Program metrics:
    Functions               1
    Statements              157
    Comments                314
    Volume (V)              896
    Difficulty (D)          7.0
    Effort to implement (E) 6235
    Time to implement (T)   6 minutes
    Est Delivered Bugs (B)  0
    Cyclomatic Complexity   3
    Maintainability (MI)    90

 Segment     Used  Free
-----------  ----  ----
00000-00003     4  0  
00004-007FF  1479  565  
00800-00FFF     0  2048  
01000-017FF     0  2048  
01800-01FFF     0  2048  



