
ROM used:   4467/8192 (55%)
            5053/8192 (62%) including unused fragments

            1.3 Average locations per line
            10.3 Average locations per statement

RAM used:   66/368 (18%) at main() level
            132/368 (36%) worst case

Stack used: 3 worst case (3 in main + 0 for interrupts)
Stack size: 8

Lines Stmts  %   Files
----- ----- ---  -----
   90    52  12  proyecto_final.c
  672     0   0  ..\..\..\..\..\..\..\..\..\..\Program Files (x86)\PICC\Devices\16f877a.h
   37     0   0  ..\..\..\..\..\..\..\..\..\..\Program Files (x86)\PICC\Drivers\stdio.h
  423   125  29  ..\..\..\..\..\..\..\..\..\..\Program Files (x86)\PICC\Drivers\string.h
   32     0   0  ..\..\..\..\..\..\..\..\..\..\Program Files (x86)\PICC\Drivers\stddef.h
   28     0   0  ..\..\..\..\..\..\..\..\..\..\Program Files (x86)\PICC\Drivers\ctype.h
 2229   257  59  ..\..\..\..\..\..\..\..\..\..\Program Files (x86)\PICC\Drivers\math.h
----- -----
 3511   434 Total

Page ROM  %  RAM    Vol Diff  Functions:
---- --- --- ---    --- ----  ----------
0    459  10   20   1121 10.1  CEIL_FLOOR
0     65   1   10             @FLT
0     33   1    4             @SFTOI
0     31   1    2             @ITOF
0    119   3   13             @MULFF
0    326   7   16             @ADDFF
 Inline         4     43  2.1  floor
 Inline         4     44  1.9  ceil
0    274   6   16    259  6.9  fmod
0    204   5   14             @DIVFF
1    609  14   22   1071  8.0  exp
0     39   1    2             @SITOF
1    524  12   25    979 10.0  log
1    487  11   12    556  7.5  pow
0     21   0    1             @delay_ms1
2    957  21    4   1720  8.7  MAIN
 Inline         5             @FTOSD
0     79   2   13             @DIV3232
0    236   5   13             @PRINTF_L32D_9600_62_63FPFPF
 Inline         0             @cinit1

Program metrics:
    Functions               8
    Statements              434
    Comments                565
    Volume (V)              8187
    Difficulty (D)          54.5
    Effort to implement (E) 446425
    Time to implement (T)   6 hours, 53 minutes
    Est Delivered Bugs (B)  2
    Cyclomatic Complexity   22
    Maintainability (MI)    92

 Segment     Used  Free
-----------  ----  ----
00000-00003     4  0  
00004-007FF  1886  158  
00800-00FFF  1620  428  
01000-017FF   957  1091  
01800-01FFF     0  2048  



